\BOOKMARK [0][]{chapter.1}{\376\377\173\054\116\000\172\340\000\040\142\147\210\114\144\130\211\201}{}% 1
\BOOKMARK [1][]{section.1.1}{\376\377\0001\000.\0001\000\040\116\247\124\301\133\232\117\115\377\032\116\015\153\142\116\216\135\345\121\167\377\014\146\364\146\057\117\031\117\064}{chapter.1}% 2
\BOOKMARK [1][]{section.1.2}{\376\377\0001\000.\0002\000\040\230\171\166\356\144\130\211\201\377\032\126\333\131\047\150\070\137\303\145\057\147\361}{chapter.1}% 3
\BOOKMARK [1][]{section.1.3}{\376\377\0001\000.\0003\000\040\150\070\137\303\215\104\116\247\377\032\116\011\220\123\142\244\127\316\154\263}{chapter.1}% 4
\BOOKMARK [0][]{chapter.2}{\376\377\173\054\116\214\172\340\000\040\230\171\166\356\200\314\146\157\116\016\165\333\160\271\122\006\147\220}{}% 5
\BOOKMARK [1][]{section.2.1}{\376\377\0002\000.\0001\000\040\133\217\211\302\200\314\146\157\377\032\116\000\116\052\116\015\133\271\137\375\211\306\166\204\171\076\117\032\213\256\230\230}{chapter.2}% 6
\BOOKMARK [1][]{section.2.2}{\376\377\0002\000.\0002\000\040\165\333\160\271\122\006\147\220\377\032\155\361\143\026\116\011\116\052\150\070\137\303\126\360\130\203}{chapter.2}% 7
\BOOKMARK [1][]{section.2.3}{\376\377\0002\000.\0003\000\040\116\072\116\300\116\110\146\057\040\034\146\037\213\355\160\165\130\203\040\035\377\037}{chapter.2}% 8
\BOOKMARK [0][]{chapter.3}{\376\377\173\054\116\011\172\340\000\040\116\247\124\301\133\232\117\115\116\016\122\237\200\375\147\266\147\204}{}% 9
\BOOKMARK [1][]{section.3.1}{\376\377\0003\000.\0001\000\040\116\247\124\301\133\232\117\115\377\032\217\157\170\154\116\000\117\123\377\014\226\152\117\064\142\020\225\177}{chapter.3}% 10
\BOOKMARK [1][]{section.3.2}{\376\377\0003\000.\0002\000\040\150\070\137\303\122\237\200\375\377\032\116\316\141\037\167\345\122\060\136\162\230\204\166\204\133\214\145\164\224\376\215\357}{chapter.3}% 11
\BOOKMARK [1][]{section.3.3}{\376\377\0003\000.\0003\000\040\174\373\176\337\147\266\147\204\377\032\116\224\134\102\225\355\163\257\377\014\143\001\176\355\217\333\123\026}{chapter.3}% 12
\BOOKMARK [1][]{section.3.4}{\376\377\0003\000.\0004\000\040\165\050\142\067\145\305\172\013\377\032\116\011\116\052\211\322\202\162\377\014\116\000\116\052\166\356\150\007}{chapter.3}% 13
\BOOKMARK [0][]{chapter.4}{\376\377\173\054\126\333\172\340\000\040\142\200\147\057\145\271\150\110\116\016\150\070\137\303\147\072\122\066}{}% 14
\BOOKMARK [1][]{section.4.1}{\376\377\0004\000.\0001\000\040\145\160\143\156\127\372\136\247\377\032\126\375\121\205\172\000\177\072\166\204\000A\000S\000D\131\032\152\041\140\001\145\160\143\156\226\306}{chapter.4}% 15
\BOOKMARK [1][]{section.4.2}{\376\377\0004\000.\0002\000\040\150\070\137\303\147\072\122\066\377\032\116\224\134\102\225\355\163\257\201\352\220\002\136\224\136\162\230\204\137\025\144\316}{chapter.4}% 16
\BOOKMARK [1][]{section.4.3}{\376\377\0004\000.\0003\000\040\217\307\172\013\213\304\155\113\377\032\116\011\134\102\213\304\155\113\117\123\174\373}{chapter.4}% 17
\BOOKMARK [1][]{section.4.4}{\376\377\0004\000.\0004\000\040\142\200\147\057\130\301\127\222\377\032\226\276\116\345\131\015\122\066\166\204\172\336\116\211\117\030\122\277}{chapter.4}% 18
\BOOKMARK [0][]{chapter.5}{\376\377\173\054\116\224\172\340\000\040\116\272\150\074\121\163\140\000\116\016\171\076\117\032\116\367\120\074}{}% 19
\BOOKMARK [1][]{section.5.1}{\376\377\0005\000.\0001\000\040\213\276\213\241\124\362\133\146\377\032\116\316\040\034\167\353\153\143\040\035\122\060\040\034\117\031\117\064\040\035\166\204\203\003\137\017\217\154\143\142}{chapter.5}% 20
\BOOKMARK [1][]{section.5.2}{\376\377\0005\000.\0002\000\040\133\371\116\052\117\123\166\204\116\367\120\074\377\032\213\260\137\125\153\317\116\000\153\041\137\256\134\017\217\333\153\145}{chapter.5}% 21
\BOOKMARK [1][]{section.5.3}{\376\377\0005\000.\0003\000\040\133\371\133\266\136\255\166\204\116\367\120\074\377\032\116\316\133\144\121\233\131\113\142\030\122\060\210\253\167\013\211\301}{chapter.5}% 22
\BOOKMARK [1][]{section.5.4}{\376\377\0005\000.\0004\000\040\133\371\147\072\147\204\166\204\116\367\120\074\377\032\211\343\145\076\145\131\136\010\377\014\215\113\200\375\145\131\133\146}{chapter.5}% 23
\BOOKMARK [1][]{section.5.5}{\376\377\0005\000.\0005\000\040\133\371\171\076\117\032\166\204\116\367\120\074\377\032\143\250\122\250\171\321\142\200\124\021\125\204}{chapter.5}% 24
\BOOKMARK [0][]{chapter.6}{\376\377\173\054\121\155\172\340\000\040\125\106\116\032\152\041\137\017}{}% 25
\BOOKMARK [1][]{section.6.1}{\376\377\0006\000.\0001\000\040\152\041\137\017\116\000\377\010\000B\172\357\377\011\377\032\143\011\145\110\147\234\116\330\215\071\377\014\122\051\166\312\121\161\142\305}{chapter.6}% 26
\BOOKMARK [1][]{section.6.2}{\376\377\0006\000.\0002\000\040\152\041\137\017\116\214\377\010\000C\172\357\377\011\377\032\170\154\116\366\000+\213\242\226\005\377\014\142\151\134\125\133\266\136\255\127\072\146\157}{chapter.6}% 27
\BOOKMARK [1][]{section.6.3}{\376\377\0006\000.\0003\000\040\152\041\137\017\116\011\377\010\145\160\143\156\172\357\377\011\377\032\121\161\136\372\213\241\122\022\377\014\116\222\122\051\121\161\215\142}{chapter.6}% 28
\BOOKMARK [1][]{section.6.4}{\376\377\0006\000.\0004\000\040\152\041\137\017\126\333\377\010\165\037\140\001\172\357\377\011\377\032\000A\000P\000I\137\000\145\076\377\014\142\020\116\072\127\372\170\100\213\276\145\275}{chapter.6}% 29
\BOOKMARK [1][]{section.6.5}{\376\377\0006\000.\0005\000\040\125\106\116\032\225\355\163\257\377\032\153\143\123\315\231\210\166\204\130\236\225\177\230\336\217\156}{chapter.6}% 30
\BOOKMARK [0][]{chapter.7}{\376\377\173\054\116\003\172\340\000\040\217\320\204\045\116\016\143\250\136\177\213\241\122\022}{}% 31
\BOOKMARK [1][]{section.7.1}{\376\377\0007\000.\0001\000\040\226\066\153\265\140\047\166\356\150\007\377\032\116\011\153\145\215\160\142\030\165\145}{chapter.7}% 32
\BOOKMARK [1][]{section.7.2}{\376\377\0007\000.\0002\000\040\143\250\136\177\173\126\165\145\377\032\131\032\211\346\160\271\136\003\134\100}{chapter.7}% 33
\BOOKMARK [1][]{section.7.3}{\376\377\0007\000.\0003\000\040\124\010\117\134\117\031\117\064\377\032\147\204\136\372\121\161\215\142\177\121\176\334}{chapter.7}% 34
\BOOKMARK [0][]{chapter.8}{\376\377\173\054\121\153\172\340\000\040\230\316\226\151\122\006\147\220\116\016\136\224\133\371}{}% 35
\BOOKMARK [1][]{section.8.1}{\376\377\0008\000.\0001\000\040\142\200\147\057\230\316\226\151\377\032\121\306\170\156\163\207\200\375\124\046\143\001\176\355\230\206\121\110\377\037}{chapter.8}% 36
\BOOKMARK [1][]{section.8.2}{\376\377\0008\000.\0002\000\040\136\002\127\072\230\316\226\151\377\032\147\072\147\204\221\307\215\055\141\017\141\077\116\015\215\263}{chapter.8}% 37
\BOOKMARK [1][]{section.8.3}{\376\377\0008\000.\0003\000\040\117\046\164\006\230\316\226\151\377\032\145\160\143\156\226\220\171\301\116\016\173\227\154\325\120\117\211\301}{chapter.8}% 38
\BOOKMARK [1][]{section.8.4}{\376\377\0008\000.\0004\000\040\136\224\133\371\154\107\140\073\377\032\230\316\226\151\167\351\226\065}{chapter.8}% 39
\BOOKMARK [0][]{chapter.9}{\376\377\173\054\116\135\172\340\000\040\126\342\226\037\116\313\176\315}{}% 40
\BOOKMARK [1][]{section.9.1}{\376\377\0009\000.\0001\000\040\150\070\137\303\142\020\124\130\377\032\116\023\116\032\116\222\210\145\166\204\126\333\116\272\176\304}{chapter.9}% 41
\BOOKMARK [1][]{section.9.2}{\376\377\0009\000.\0002\000\040\143\007\133\374\200\001\136\010\116\016\230\176\225\356\377\032\133\146\147\057\116\016\210\114\116\032\123\314\122\240\143\001}{chapter.9}% 42
\BOOKMARK [1][]{section.9.3}{\376\377\0009\000.\0003\000\040\124\010\117\134\123\125\117\115\377\032\127\132\133\236\166\204\133\236\215\365\127\037\130\344}{chapter.9}% 43
\BOOKMARK [1][]{section.9.4}{\376\377\0009\000.\0004\000\040\126\342\226\037\133\243\212\000\377\032\156\051\136\246\146\057\136\225\202\162\377\014\142\200\147\057\146\057\135\345\121\167}{chapter.9}% 44
\BOOKMARK [0][]{chapter.10}{\376\377\173\054\123\101\172\340\000\040\140\073\176\323\116\016\141\077\146\157}{}% 45
\BOOKMARK [1][]{section.10.1}{\376\377\0001\0000\000.\0001\000\040\167\355\147\037\141\077\146\157\377\032\213\251\146\364\131\032\133\266\136\255\211\346\217\276\116\023\116\032\136\162\230\204}{chapter.10}% 46
\BOOKMARK [1][]{section.10.2}{\376\377\0001\0000\000.\0002\000\040\225\177\147\037\141\077\146\157\377\032\147\204\136\372\121\150\164\003\147\000\131\047\166\204\000A\000S\000D\121\077\172\345\140\305\141\037\210\114\116\072\137\000\145\076\145\160\143\156\226\306}{chapter.10}% 47
\BOOKMARK [1][]{section.10.3}{\376\377\0001\0000\000.\0003\000\040\150\070\137\303\133\243\212\000}{chapter.10}% 48
\BOOKMARK [0][]{appendix.A}{\376\377\000A\000\040\226\104\137\125}{}% 49
\BOOKMARK [1][]{section.A.1}{\376\377\000A\000.\0001\000\040\226\104\137\125\116\000\377\032\174\373\176\337\123\237\127\213\142\052\126\376}{appendix.A}% 50
\BOOKMARK [1][]{section.A.2}{\376\377\000A\000.\0002\000\040\226\104\137\125\116\214\377\032\116\016\162\061\137\303\213\355\155\246\136\267\131\015\116\055\137\303\166\204\124\010\117\134\123\117\213\256}{appendix.A}% 51
\BOOKMARK [1][]{section.A.3}{\376\377\000A\000.\0003\000\040\226\104\137\125\116\011\377\032\165\050\142\067\155\113\213\325\142\245\124\112\377\010\124\053\117\046\164\006\213\364\146\016\377\011}{appendix.A}% 52
\BOOKMARK [1][]{section.A.4}{\376\377\000A\000.\0004\000\040\226\104\137\125\126\333\377\032\214\003\147\345\225\356\123\167\150\067\147\054}{appendix.A}% 53
\BOOKMARK [1][]{section.A.5}{\376\377\000A\000.\0005\000\040\226\104\137\125\116\224\377\032\167\345\140\305\124\014\141\017\116\146\152\041\147\177}{appendix.A}% 54
\BOOKMARK [1][]{section.A.6}{\376\377\000A\000.\0006\000\040\226\104\137\125\121\155\377\032\123\302\200\003\145\207\163\056}{appendix.A}% 55
